<?xml version="1.0" encoding="UTF-8"?>
<!-- Generated by org.testng.reporters.JUnitXMLReporter -->
<testsuite ignored="0" hostname="KarunaPrasanthi" failures="0" tests="3" name="Test" time="0.128" errors="0" timestamp="2023-11-07T10:44:46 IST">
  <testcase classname="generiClibraies.BaseClass" name="@BeforeClass classConfig" time="0.024">
    <failure type="java.lang.NullPointerException" message="inStream parameter is null">
      <![CDATA[java.lang.NullPointerException: inStream parameter is null
at java.base/java.util.Objects.requireNonNull(Objects.java:235)
at java.base/java.util.Properties.load(Properties.java:407)
at generiClibraies.PropertiesUtility.propertiesInitialization(PropertiesUtility.java:35)
at generiClibraies.BaseClass.classConfig(BaseClass.java:55)
at java.base/java.util.ArrayList.forEach(ArrayList.java:1511)
... Removed 25 stack frames]]>
    </failure>
  </testcase> <!-- @BeforeClass classConfig -->
  <testcase classname="generiClibraies.BaseClass" name="@BeforeMethod methodConfig" time="0.0">
    <skipped/>
  </testcase> <!-- @BeforeMethod methodConfig -->
  <testcase classname="generiClibraies.BaseClass" name="@AfterMethod methodTeardown" time="0.0">
    <skipped/>
  </testcase> <!-- @AfterMethod methodTeardown -->
  <testcase classname="generiClibraies.BaseClass" name="@AfterClass classTeardown" time="0.0">
    <skipped/>
  </testcase> <!-- @AfterClass classTeardown -->
  <testcase classname="generiClibraies.BaseClass" name="@BeforeClass classConfig" time="0.001">
    <failure type="java.lang.NullPointerException" message="inStream parameter is null">
      <![CDATA[java.lang.NullPointerException: inStream parameter is null
at java.base/java.util.Objects.requireNonNull(Objects.java:235)
at java.base/java.util.Properties.load(Properties.java:407)
at generiClibraies.PropertiesUtility.propertiesInitialization(PropertiesUtility.java:35)
at generiClibraies.BaseClass.classConfig(BaseClass.java:55)
at java.base/java.util.ArrayList.forEach(ArrayList.java:1511)
... Removed 25 stack frames]]>
    </failure>
  </testcase> <!-- @BeforeClass classConfig -->
  <testcase classname="generiClibraies.BaseClass" name="@BeforeMethod methodConfig" time="0.0">
    <skipped/>
  </testcase> <!-- @BeforeMethod methodConfig -->
  <testcase classname="generiClibraies.BaseClass" name="@AfterMethod methodTeardown" time="0.0">
    <skipped/>
  </testcase> <!-- @AfterMethod methodTeardown -->
  <testcase classname="generiClibraies.BaseClass" name="@AfterClass classTeardown" time="0.0">
    <skipped/>
  </testcase> <!-- @AfterClass classTeardown -->
  <testcase classname="generiClibraies.BaseClass" name="@BeforeClass classConfig" time="0.001">
    <failure type="java.lang.NullPointerException" message="inStream parameter is null">
      <![CDATA[java.lang.NullPointerException: inStream parameter is null
at java.base/java.util.Objects.requireNonNull(Objects.java:235)
at java.base/java.util.Properties.load(Properties.java:407)
at generiClibraies.PropertiesUtility.propertiesInitialization(PropertiesUtility.java:35)
at generiClibraies.BaseClass.classConfig(BaseClass.java:55)
at java.base/java.util.ArrayList.forEach(ArrayList.java:1511)
... Removed 25 stack frames]]>
    </failure>
  </testcase> <!-- @BeforeClass classConfig -->
  <testcase classname="generiClibraies.BaseClass" name="@BeforeMethod methodConfig" time="0.0">
    <skipped/>
  </testcase> <!-- @BeforeMethod methodConfig -->
  <testcase classname="generiClibraies.BaseClass" name="@AfterMethod methodTeardown" time="0.0">
    <skipped/>
  </testcase> <!-- @AfterMethod methodTeardown -->
  <testcase classname="generiClibraies.BaseClass" name="@AfterClass classTeardown" time="0.0">
    <skipped/>
  </testcase> <!-- @AfterClass classTeardown -->
  <testcase classname="testScripts.CreateUserTest" name="createUserTest" time="0.0">
    <skipped/>
  </testcase> <!-- createUserTest -->
  <testcase classname="testScripts.CreateCategoryTest" name="createCategoryTest" time="0.0">
    <skipped/>
  </testcase> <!-- createCategoryTest -->
  <testcase classname="testScripts.createCourseTest" name="createCourseTest" time="0.0">
    <skipped/>
  </testcase> <!-- createCourseTest -->
</testsuite> <!-- Test -->
